<?xml version="1.0" encoding="UTF-8"?>
<testsuite name="Kp4.p4.AppTest" tests="1" skipped="0" failures="0" errors="0" timestamp="2025-06-03T08:50:38.090Z" hostname="DESKTOP-IPEB3C1" time="0.008">
  <properties/>
  <testcase name="testApp" classname="Kp4.p4.AppTest" time="0.008"/>
  <system-out><![CDATA[]]></system-out>
  <system-err><![CDATA[]]></system-err>
</testsuite>
